<?xml version="1.0" encoding="UTF-8"?>
<!-- Generated by org.testng.reporters.JUnitXMLReporter -->
<testsuite ignored="0" hostname="DESKTOP-HA1ETNN" failures="1" tests="1" name="Test-Runner2" time="131.965" errors="0" timestamp="2023-12-15T19:01:38 IST">
  <testcase classname="vtiger.Organization.Tests.CreateContactWithOrganizationTest" name="createContactWithOrgTest" time="72.002">
    <failure type="java.nio.file.FileSystemException" message=".\Screenshots\Screenshot3.png: The process cannot access the file because it is being used by another process">
      <![CDATA[java.nio.file.FileSystemException: .\Screenshots\Screenshot3.png: The process cannot access the file because it is being used by another process
at java.base/sun.nio.fs.WindowsException.translateToIOException(WindowsException.java:92)
at java.base/sun.nio.fs.WindowsException.rethrowAsIOException(WindowsException.java:103)
at java.base/sun.nio.fs.WindowsException.rethrowAsIOException(WindowsException.java:108)
at java.base/sun.nio.fs.WindowsFileCopy.copy(WindowsFileCopy.java:171)
at java.base/sun.nio.fs.WindowsFileSystemProvider.copy(WindowsFileSystemProvider.java:284)
at java.base/java.nio.file.Files.copy(Files.java:1305)
at org.apache.commons.io.FileUtils.copyFile(FileUtils.java:850)
at org.apache.commons.io.FileUtils.copyFile(FileUtils.java:756)
at vTiger.GenericUtilities.WebDriverUtility.takeScreenShot(WebDriverUtility.java:266)
at vtiger.Organization.Tests.CreateContactWithOrganizationTest.createContactWithOrgTest(CreateContactWithOrganizationTest.java:54)
at java.base/java.util.ArrayList.forEach(ArrayList.java:1511)
at java.base/java.util.concurrent.FutureTask.run(FutureTask.java:264)
at java.base/java.util.concurrent.ThreadPoolExecutor.runWorker(ThreadPoolExecutor.java:1136)
at java.base/java.util.concurrent.ThreadPoolExecutor$Worker.run(ThreadPoolExecutor.java:635)
at java.base/java.lang.Thread.run(Thread.java:833)
... Removed 18 stack frames]]>
    </failure>
  </testcase> <!-- createContactWithOrgTest -->
</testsuite> <!-- Test-Runner2 -->
