<?xml version="1.0" encoding="UTF-8"?>
<!-- Generated by org.testng.reporters.JUnitXMLReporter -->
<testsuite ignored="0" hostname="DESKTOP-HA1ETNN" failures="0" tests="1" name="Test-Runner1" time="131.738" errors="0" timestamp="2023-12-15T19:01:38 IST">
  <testcase classname="vtiger.Organization.Tests.CreateContactWithOrganizationTest" name="createContactWithOrgTest" time="73.377"/>
</testsuite> <!-- Test-Runner1 -->
