<?xml version="1.0" encoding="UTF-8"?>
<!-- Generated by org.testng.reporters.JUnitReportReporter -->
<testsuite hostname="DESKTOP-HA1ETNN" failures="0" tests="1" name="vtiger.Organization.Tests.CreateContactWithOrganizationTest2" time="50.592" errors="0" timestamp="2023-12-15T20:41:48 IST" skipped="0">
  <testcase classname="vtiger.Organization.Tests.CreateContactWithOrganizationTest2" name="createContactWithOrgTest" time="50.592"/>
  <system-out/>
</testsuite> <!-- vtiger.Organization.Tests.CreateContactWithOrganizationTest2 -->
