<?xml version="1.0" encoding="UTF-8"?>
<!-- Generated by org.testng.reporters.JUnitReportReporter -->
<testsuite hostname="DESKTOP-HA1ETNN" failures="0" tests="1" name="vtiger.Organization.Tests.CreateOrganizationTests" time="52.307" errors="0" timestamp="2023-12-27T12:10:32 IST" skipped="0">
  <testcase classname="vtiger.Organization.Tests.CreateOrganizationTests" name="createOrgTest" time="52.307"/>
  <system-out>
    <![CDATA[Navigating Organization link
Clicking on create org link]]>
  </system-out>
</testsuite> <!-- vtiger.Organization.Tests.CreateOrganizationTests -->
