<?xml version="1.0" encoding="UTF-8"?>
<!-- Generated by org.testng.reporters.JUnitReportReporter -->
<testsuite hostname="DESKTOP-HA1ETNN" failures="0" tests="1" name="vtiger.Organization.Tests.CreateContactWithOrganizationTest" time="45.302" errors="0" timestamp="2023-12-15T20:32:36 IST" skipped="0">
  <testcase classname="vtiger.Organization.Tests.CreateContactWithOrganizationTest" name="createContactWithOrgTest" time="45.302"/>
  <system-out/>
</testsuite> <!-- vtiger.Organization.Tests.CreateContactWithOrganizationTest -->
