<?xml version="1.0" encoding="UTF-8"?>
<!-- Generated by org.testng.reporters.JUnitReportReporter -->
<testsuite hostname="DESKTOP-HA1ETNN" failures="0" tests="4" name="vtiger.Organization.Tests.CreateMultipleOrgTest" time="141.557" errors="0" timestamp="2023-12-15T20:55:53 IST" skipped="0">
  <testcase classname="vtiger.Organization.Tests.CreateMultipleOrgTest" name="createOrgTest" time="34.049"/>
  <system-out/>
  <testcase classname="vtiger.Organization.Tests.CreateMultipleOrgTest" name="createOrgTest" time="37.077"/>
  <system-out/>
  <testcase classname="vtiger.Organization.Tests.CreateMultipleOrgTest" name="createOrgTest" time="36.884"/>
  <system-out/>
  <testcase classname="vtiger.Organization.Tests.CreateMultipleOrgTest" name="createOrgTest" time="33.547"/>
  <system-out/>
</testsuite> <!-- vtiger.Organization.Tests.CreateMultipleOrgTest -->
