<?xml version="1.0" encoding="UTF-8"?>
<!-- Generated by org.testng.reporters.JUnitReportReporter -->
<testsuite hostname="DESKTOP-HA1ETNN" failures="0" tests="1" name="vtiger.Practice.TestNGPracticeTest" time="0.031" errors="0" timestamp="2023-09-23T11:12:33 IST" skipped="0">
  <testcase classname="vtiger.Practice.TestNGPracticeTest" name="createUserTest" time="0.031"/>
  <system-out/>
</testsuite> <!-- vtiger.Practice.TestNGPracticeTest -->
